<?xml version="1.0" encoding="UTF-8"?>
<!-- Generated by org.testng.reporters.JUnitXMLReporter -->
<testsuite ignored="0" hostname="LIN33004770" failures="1" tests="3" name="Test" time="6.303" errors="0" timestamp="2023-08-25T17:03:15 IST">
  <testcase classname="testNG.Assert1" name="enterEmail" time="3.134"/>
  <testcase classname="testNG.Assert1" name="enterPassword" time="3.096"/>
  <testcase classname="testNG.Assert1" name="clickBtn" time="0.006">
    <failure type="java.lang.AssertionError" message="null">
      <![CDATA[java.lang.AssertionError: null
at testNG.Assert1.clickBtn(Assert1.java:42)
at java.base/java.util.ArrayList.forEach(ArrayList.java:1511)
... Removed 29 stack frames]]>
    </failure>
  </testcase> <!-- clickBtn -->
</testsuite> <!-- Test -->
